C:\Program Files (x86)\Microsoft Visual Studio\2017\Professional\Common7\IDE\VC\VCTargets\Microsoft.CppBuild.targets(391,5): warning MSB8028: 中繼目錄 (x64\Debug\) 包含從其他專案 (Project1.vcxproj) 共用的檔案。這可能導致錯誤的清除和重建行為。
  Colorspace_conversion.cpp
c:\opencv\build\include\opencv2\calib3d.hpp : warning C4819: 檔案含有無法在目前字碼頁 (950) 中表示的字元。請以 Unicode 格式儲存檔案以防止資料遺失
c:\users\jindi\source\repos\project1\project1\colorspace_conversion.cpp(30): warning C4101: 'gate': 未參考的區域變數
c:\users\jindi\source\repos\project1\project1\colorspace_conversion.cpp(121): warning C4244: '=': 將 'double' 轉換為 '_Tp'，由於類型不同，可能導致資料遺失
          with
          [
              _Tp=float
          ]
c:\users\jindi\source\repos\project1\project1\colorspace_conversion.cpp(124): warning C4244: '=': 將 'double' 轉換為 '_Tp'，由於類型不同，可能導致資料遺失
          with
          [
              _Tp=float
          ]
c:\users\jindi\source\repos\project1\project1\colorspace_conversion.cpp(127): warning C4244: '=': 將 'double' 轉換為 '_Tp'，由於類型不同，可能導致資料遺失
          with
          [
              _Tp=float
          ]
c:\users\jindi\source\repos\project1\project1\colorspace_conversion.cpp(143): warning C4244: '=': 將 'double' 轉換為 '_Tp'，由於類型不同，可能導致資料遺失
          with
          [
              _Tp=float
          ]
c:\users\jindi\source\repos\project1\project1\colorspace_conversion.cpp(146): warning C4244: '=': 將 'double' 轉換為 '_Tp'，由於類型不同，可能導致資料遺失
          with
          [
              _Tp=float
          ]
c:\users\jindi\source\repos\project1\project1\colorspace_conversion.cpp(149): warning C4244: '=': 將 'double' 轉換為 '_Tp'，由於類型不同，可能導致資料遺失
          with
          [
              _Tp=float
          ]
  Project1.vcxproj -> C:\Users\jindi\source\repos\Project1\x64\Debug\Colorspace_conversion.exe
